Removed Pin From Net: NetName=UPDI Pin=R2-1
Removed Pin From Net: NetName=NetP1_2 Pin=R2-2
Change Component Footprint: Designator=R1 Old Footprint=RESC3116X65X40LL10T20 New Footprint=RESC1608X55X25NL10T15
Change Component Footprint: Designator=R2 Old Footprint=RESC3116X65X40LL10T20 New Footprint=RESC1608X55X25NL10T15
Change Component Footprint: Designator=R4 Old Footprint=RESC3116X65X40LL10T20 New Footprint=RESC1608X55X25NL10T15
Change Component Footprint: Designator=R6 Old Footprint=RESC3116X65X40LL10T20 New Footprint=RESC1608X55X25NL10T15
Change Component Footprint: Designator=R7 Old Footprint=RESC3116X65X40LL10T20 New Footprint=RESC1608X55X25NL10T15
Change Component Comment : Designator=R2 Old Comment=1kO New Comment=1k
Change Component Comment : Designator=R1 Old Comment=5.1kO New Comment=5.1k
Change Component Comment : Designator=R4 Old Comment=5.1kO New Comment=5.1k
Change Managed Component Library Link : Designator=R1 Old VaultGUID=B7D15EC3-160A-466F-A46C-7801FE6295A7 New VaultGUID=B7D15EC3-160A-466F-A46C-7801FE6295A7 Old ItemGUID=0AB88955-2768-4ED1-9F35-5678996D571A New ItemGUID=6547DE7F-F22F-4727-826C-8B02894606B2 Old RevisionGUID=7B70642F-4BD7-4B89-A20F-A1CB170FB2FE New RevisionGUID=F480799E-55CD-4A97-8093-90DAB622B458
Change Managed Component Library Link : Designator=R2 Old VaultGUID=B7D15EC3-160A-466F-A46C-7801FE6295A7 New VaultGUID=B7D15EC3-160A-466F-A46C-7801FE6295A7 Old ItemGUID=110ADA75-BFF5-45E5-8385-8C24D0703B4D New ItemGUID=6547DE7F-F22F-4727-826C-8B02894606B2 Old RevisionGUID=B9852900-436B-4A58-B6AC-5AF048E367ED New RevisionGUID=F480799E-55CD-4A97-8093-90DAB622B458
Change Managed Component Library Link : Designator=R4 Old VaultGUID=B7D15EC3-160A-466F-A46C-7801FE6295A7 New VaultGUID=B7D15EC3-160A-466F-A46C-7801FE6295A7 Old ItemGUID=0AB88955-2768-4ED1-9F35-5678996D571A New ItemGUID=6547DE7F-F22F-4727-826C-8B02894606B2 Old RevisionGUID=7B70642F-4BD7-4B89-A20F-A1CB170FB2FE New RevisionGUID=F480799E-55CD-4A97-8093-90DAB622B458
Change Managed Component Library Link : Designator=R6 Old VaultGUID=B7D15EC3-160A-466F-A46C-7801FE6295A7 New VaultGUID=B7D15EC3-160A-466F-A46C-7801FE6295A7 Old ItemGUID=A0CD2AE5-682A-4040-B4E0-41C83870979B New ItemGUID=6547DE7F-F22F-4727-826C-8B02894606B2 Old RevisionGUID=3363B304-D870-4C39-A4F8-DCA955933520 New RevisionGUID=F480799E-55CD-4A97-8093-90DAB622B458
Change Managed Component Library Link : Designator=R7 Old VaultGUID=B7D15EC3-160A-466F-A46C-7801FE6295A7 New VaultGUID=B7D15EC3-160A-466F-A46C-7801FE6295A7 Old ItemGUID=A0CD2AE5-682A-4040-B4E0-41C83870979B New ItemGUID=6547DE7F-F22F-4727-826C-8B02894606B2 Old RevisionGUID=3363B304-D870-4C39-A4F8-DCA955933520 New RevisionGUID=F480799E-55CD-4A97-8093-90DAB622B458
Change component parameters: Designator = "R1" ("R1"); Footprint = "RESC3116X65X40LL10T20"; UniqueID = "\ZJHYLFAJ" ("\ZJHYLFAJ")
Change component parameters: Designator = "R2" ("R2"); Footprint = "RESC3116X65X40LL10T20"; UniqueID = "\UJQZWIFG" ("\UJQZWIFG")
Change component parameters: Designator = "R4" ("R4"); Footprint = "RESC3116X65X40LL10T20"; UniqueID = "\IILKZDGU" ("\IILKZDGU")
Change component parameters: Designator = "R6" ("R6"); Footprint = "RESC3116X65X40LL10T20"; UniqueID = "\KDREWHEZ" ("\KDREWHEZ")
Change component parameters: Designator = "R7" ("R7"); Footprint = "RESC3116X65X40LL10T20"; UniqueID = "\SERXBZWE" ("\SERXBZWE")
Added Pin To Net: NetName=NetP1_2 Pin=R2-1
Added Pin To Net: NetName=UPDI Pin=R2-2
