Removed Pin From Net: NetName=GND Pin=C1-1
Removed Pin From Net: NetName=3V3 Pin=C2-1
Removed Pin From Net: NetName=GND Pin=C2-2
Removed Pin From Net: NetName=GND Pin=C3-1
Removed Pin From Net: NetName=GND Pin=C4-1
Removed Pin From Net: NetName=GND Pin=C8-1
Removed Pin From Net: NetName=USB_VCC Pin=D5-2
Removed Pin From Net: NetName=EXT_5V0 Pin=D6-2
Removed Pin From Net: NetName=EXT_5V0 Pin=D7-2
Removed Pin From Net: NetName=USB_VCC Pin=D8-2
Removed Pin From Net: NetName=EXT_5V0 Pin=D9-2
Removed Pin From Net: NetName=EXT_5V0 Pin=D10-2
Removed Pin From Net: NetName=EXT_5V0 Pin=D11-2
Removed Pin From Net: NetName=USB_VCC Pin=D12-2
Removed Pin From Net: NetName=USB_VCC Pin=FB1-1
Removed Pin From Net: NetName=GND Pin=Q1-2
Removed Pin From Net: NetName=3V3 Pin=R1-2
Removed Pin From Net: NetName=3V3 Pin=R3-2
Removed Pin From Net: NetName=GND Pin=R4-1
Removed Pin From Net: NetName=GND Pin=R7-1
Removed Pin From Net: NetName=GND Pin=R10-1
Removed Pin From Net: NetName=GND Pin=R11-1
Removed Pin From Net: NetName=GND Pin=R12-1
Removed Pin From Net: NetName=GND Pin=R13-1
Removed Pin From Net: NetName=GND Pin=R14-1
Removed Pin From Net: NetName=GND Pin=U1-2
Removed Pin From Net: NetName=GND Pin=U2-3
Removed Pin From Net: NetName=3V3 Pin=U2-4
Removed Pin From Net: NetName=3V3 Pin=U2-5
Removed Pin From Net: NetName=GND Pin=U2-9
Removed Member From Class: ClassName=Main Member=C1
Removed Member From Class: ClassName=Main Member=C2
Removed Member From Class: ClassName=Main Member=C3
Removed Member From Class: ClassName=Main Member=C4
Removed Member From Class: ClassName=Main Member=C8
Removed Member From Class: ClassName=Main Member=D1
Removed Member From Class: ClassName=Main Member=D3
Removed Member From Class: ClassName=Main Member=D4
Removed Member From Class: ClassName=Main Member=D5
Removed Member From Class: ClassName=Main Member=D6
Removed Member From Class: ClassName=Main Member=D7
Removed Member From Class: ClassName=Main Member=D8
Removed Member From Class: ClassName=Main Member=D9
Removed Member From Class: ClassName=Main Member=D10
Removed Member From Class: ClassName=Main Member=D11
Removed Member From Class: ClassName=Main Member=D12
Removed Member From Class: ClassName=Main Member=Q1
Removed Member From Class: ClassName=Main Member=Q2
Removed Member From Class: ClassName=Main Member=Q3
Removed Member From Class: ClassName=Main Member=Q4
Removed Member From Class: ClassName=Main Member=Q5
Removed Member From Class: ClassName=Main Member=R1
Removed Member From Class: ClassName=Main Member=R3
Removed Member From Class: ClassName=Main Member=R4
Removed Member From Class: ClassName=Main Member=R6
Removed Member From Class: ClassName=Main Member=R7
Removed Member From Class: ClassName=Main Member=R8
Removed Member From Class: ClassName=Main Member=R10
Removed Member From Class: ClassName=Main Member=R11
Removed Member From Class: ClassName=Main Member=R12
Removed Member From Class: ClassName=Main Member=R13
Removed Member From Class: ClassName=Main Member=R14
Removed Member From Class: ClassName=Main Member=U1
Removed Member From Class: ClassName=Main Member=U2
Added Component: Designator=D?(FP-95400-MFG)
Add component (AddParameter): Name = "Automotive"; Value = "No"; VariantName = "[No Variations]"
Add component (AddParameter): Name = "Category"; Value = "Diode"; VariantName = "[No Variations]"
Add component (AddParameter): Name = "ComponentLink2Description"; Value = "Datasheet"; VariantName = "[No Variations]"
Add component (AddParameter): Name = "ComponentLink2URL"; Value = "http://www.vishay.com/docs/88746/ss12.pdf"; VariantName = "[No Variations]"
Add component (AddParameter): Name = "Device Class L1"; Value = "Discrete Semiconductors"; VariantName = "[No Variations]"
Add component (AddParameter): Name = "Device Class L2"; Value = "Diodes"; VariantName = "[No Variations]"
Add component (AddParameter): Name = "Device Class L3"; Value = "Schottky Diodes"; VariantName = "[No Variations]"
Add component (AddParameter): Name = "Digikey Description"; Value = "DIODE SCHOTTKY 40V 1A DO214AC"; VariantName = "[No Variations]"
Add component (AddParameter): Name = "Footprint Url"; Value = "http://www.vishay.com/docs/95400/sma.pdf"; VariantName = "[No Variations]"
Add component (AddParameter): Name = "Forward Current"; Value = "1A"; VariantName = "[No Variations]"
Add component (AddParameter): Name = "Height"; Value = "2.29mm"; VariantName = "[No Variations]"
Add component (AddParameter): Name = "Lead Free"; Value = "Yes"; VariantName = "[No Variations]"
Add component (AddParameter): Name = "Manufacturer"; Value = "Vishay"; VariantName = "[No Variations]"
Add component (AddParameter): Name = "Manufacturer Part Number"; Value = "SS14-E3/61T"; VariantName = "[No Variations]"
Add component (AddParameter): Name = "Max Junction Temp"; Value = "+150°C"; VariantName = "[No Variations]"
Add component (AddParameter): Name = "Max Repetitive Reverse Voltage"; Value = "40V"; VariantName = "[No Variations]"
Add component (AddParameter): Name = "Max Surge Forward Current"; Value = "40A"; VariantName = "[No Variations]"
Add component (AddParameter): Name = "Mouser Description"; Value = "SS14 Series 40 V 1 A Surface Mount Schottky Barrier Rectifier - DO-214AC (SMA)"; VariantName = "[No Variations]"
Add component (AddParameter): Name = "Octopart"; Value = "https://octopart.com/ss14-e3%2F61t-vishay-39552847"; VariantName = "[No Variations]"
Add component (AddParameter): Name = "Package"; Value = "95400"; VariantName = "[No Variations]"
Add component (AddParameter): Name = "Peak Reverse Current"; Value = "0.2mA"; VariantName = "[No Variations]"
Add component (AddParameter): Name = "RoHS"; Value = "TRUE"; VariantName = "[No Variations]"
Add component (AddParameter): Name = "Standoff Height"; Value = "0mm"; VariantName = "[No Variations]"
Add component (AddParameter): Name = "Temperature"; Value = "-65°C to +150°C"; VariantName = "[No Variations]"
Add component (AddParameter): Name = "Temperature Range High"; Value = "+150°C"; VariantName = "[No Variations]"
Add component (AddParameter): Name = "Temperature Range Low"; Value = "-65°C"; VariantName = "[No Variations]"
Added Pin To Net: NetName=USB_VCC Pin=D?-2
Added Pin To Net: NetName=NetD?_1 Pin=D?-1
Added Pin To Net: NetName=NetD?_1 Pin=FB1-1
Added Net: Name=NetD?_1
Added Member To Class: ClassName=Main Member=Component D? SS14-E3/61T
