Change Component Designator: Old Designator=B? New Designator=B1
Change Component Designator: Old Designator=C13 New Designator=C6
Change Component Designator: Old Designator=C14 New Designator=C7
Change Component Designator: Old Designator=C? New Designator=C1
Change Component Designator: Old Designator=C? New Designator=C2
Change Component Designator: Old Designator=C? New Designator=C3
Change Component Designator: Old Designator=C? New Designator=C4
Change Component Designator: Old Designator=C? New Designator=C5
Change Component Designator: Old Designator=D12 New Designator=D4
Change Component Designator: Old Designator=D14 New Designator=D5
Change Component Designator: Old Designator=D15 New Designator=D6
Change Component Designator: Old Designator=D16 New Designator=D7
Change Component Designator: Old Designator=D17 New Designator=D8
Change Component Designator: Old Designator=D? New Designator=D1
Change Component Designator: Old Designator=D? New Designator=D2
Change Component Designator: Old Designator=D? New Designator=D3
Change Component Designator: Old Designator=J? New Designator=J1
Change Component Designator: Old Designator=P1 New Designator=P4
Change Component Designator: Old Designator=P2 New Designator=P5
Change Component Designator: Old Designator=P5 New Designator=P3
Change Component Designator: Old Designator=P? New Designator=P1
Change Component Designator: Old Designator=P? New Designator=P2
Change Component Designator: Old Designator=P? New Designator=P6
Change Component Designator: Old Designator=P? New Designator=P7
Change Component Designator: Old Designator=Q? New Designator=Q1
Change Component Designator: Old Designator=R15 New Designator=R4
Change Component Designator: Old Designator=R18 New Designator=R10
Change Component Designator: Old Designator=R19 New Designator=R11
Change Component Designator: Old Designator=R20 New Designator=R12
Change Component Designator: Old Designator=R21 New Designator=R13
Change Component Designator: Old Designator=R22 New Designator=R14
Change Component Designator: Old Designator=R23 New Designator=R15
Change Component Designator: Old Designator=R? New Designator=R1
Change Component Designator: Old Designator=R? New Designator=R2
Change Component Designator: Old Designator=R? New Designator=R3
Change Component Designator: Old Designator=R? New Designator=R5
Change Component Designator: Old Designator=R? New Designator=R6
Change Component Designator: Old Designator=R? New Designator=R7
Change Component Designator: Old Designator=R? New Designator=R8
Change Component Designator: Old Designator=R? New Designator=R9
Change Component Designator: Old Designator=U4 New Designator=U3
Change Component Designator: Old Designator=U? New Designator=U1
Change Component Designator: Old Designator=U? New Designator=U2
