Change Component Designator: Old Designator=C2 New Designator=C5
Change Component Designator: Old Designator=C3 New Designator=C6
Change Component Designator: Old Designator=C4 New Designator=C14
Change Component Designator: Old Designator=C5 New Designator=C2
Change Component Designator: Old Designator=C6 New Designator=C3
Change Component Designator: Old Designator=C7 New Designator=C4
Change Component Designator: Old Designator=C? New Designator=C7
Change Component Designator: Old Designator=D1 New Designator=D11
Change Component Designator: Old Designator=D2 New Designator=D1
Change Component Designator: Old Designator=D3 New Designator=D12
Change Component Designator: Old Designator=D5 New Designator=D14
Change Component Designator: Old Designator=D6 New Designator=D15
Change Component Designator: Old Designator=D9 New Designator=D16
Change Component Designator: Old Designator=D10 New Designator=D2
Change Component Designator: Old Designator=D11 New Designator=D3
Change Component Designator: Old Designator=D12 New Designator=D5
Change Component Designator: Old Designator=D13 New Designator=D6
Change Component Designator: Old Designator=D14 New Designator=D9
Change Component Designator: Old Designator=D15 New Designator=D10
Change Component Designator: Old Designator=D16 New Designator=D13
Change Component Designator: Old Designator=J? New Designator=J1
Change Component Designator: Old Designator=Q1 New Designator=Q3
Change Component Designator: Old Designator=Q2 New Designator=Q4
Change Component Designator: Old Designator=Q3 New Designator=Q1
Change Component Designator: Old Designator=Q4 New Designator=Q5
Change Component Designator: Old Designator=Q5 New Designator=Q2
Change Component Designator: Old Designator=R1 New Designator=R2
Change Component Designator: Old Designator=R2 New Designator=R4
Change Component Designator: Old Designator=R4 New Designator=R7
Change Component Designator: Old Designator=R5 New Designator=R10
Change Component Designator: Old Designator=R6 New Designator=R12
Change Component Designator: Old Designator=R7 New Designator=R18
Change Component Designator: Old Designator=R8 New Designator=R19
Change Component Designator: Old Designator=R9 New Designator=R13
Change Component Designator: Old Designator=R11 New Designator=R16
Change Component Designator: Old Designator=R12 New Designator=R21
Change Component Designator: Old Designator=R13 New Designator=R1
Change Component Designator: Old Designator=R14 New Designator=R8
Change Component Designator: Old Designator=R15 New Designator=R9
Change Component Designator: Old Designator=R16 New Designator=R3
Change Component Designator: Old Designator=R17 New Designator=R6
Change Component Designator: Old Designator=R18 New Designator=R14
Change Component Designator: Old Designator=R19 New Designator=R11
Change Component Designator: Old Designator=R20 New Designator=R17
Change Component Designator: Old Designator=R21 New Designator=R20
Change Component Designator: Old Designator=R? New Designator=R5
Change Component Designator: Old Designator=R? New Designator=R15
Change Component Designator: Old Designator=U2 New Designator=U3
Change Component Designator: Old Designator=U3 New Designator=U2
