Removed Pin From Net: NetName=EXT_5V0 Pin=P3-1
Removed Pin From Net: NetName=RXD Pin=P3-2
Removed Pin From Net: NetName=TXD Pin=P3-3
Removed Pin From Net: NetName=GND Pin=P3-4
Removed Pin From Net: NetName=EXT_5V0 Pin=P4-1
Removed Pin From Net: NetName=GND Pin=P4-3
Change Component Designator: OldDesignator=C13 NewDesignator=C6
Change Component Designator: OldDesignator=C14 NewDesignator=C7
Change Component Designator: OldDesignator=C? NewDesignator=C1
Change Component Designator: OldDesignator=C? NewDesignator=C2
Change Component Designator: OldDesignator=C? NewDesignator=C3
Change Component Designator: OldDesignator=C? NewDesignator=C4
Change Component Designator: OldDesignator=C? NewDesignator=C5
Change Component Designator: OldDesignator=D12 NewDesignator=D4
Change Component Designator: OldDesignator=D14 NewDesignator=D5
Change Component Designator: OldDesignator=D15 NewDesignator=D6
Change Component Designator: OldDesignator=D16 NewDesignator=D7
Change Component Designator: OldDesignator=D17 NewDesignator=D8
Change Component Designator: OldDesignator=D? NewDesignator=D1
Change Component Designator: OldDesignator=D? NewDesignator=D2
Change Component Designator: OldDesignator=D? NewDesignator=D3
Change Component Designator: OldDesignator=J? NewDesignator=J1
Change Component Designator: OldDesignator=P1 NewDesignator=P4
Change Component Designator: OldDesignator=P2 NewDesignator=P5
Change Component Designator: OldDesignator=P5 NewDesignator=P3
Change Component Designator: OldDesignator=P? NewDesignator=P6
Change Component Designator: OldDesignator=P? NewDesignator=P7
Change Component Designator: OldDesignator=Q? NewDesignator=Q1
Change Component Designator: OldDesignator=R15 NewDesignator=R4
Change Component Designator: OldDesignator=R18 NewDesignator=R10
Change Component Designator: OldDesignator=R19 NewDesignator=R11
Change Component Designator: OldDesignator=R20 NewDesignator=R12
Change Component Designator: OldDesignator=R21 NewDesignator=R13
Change Component Designator: OldDesignator=R22 NewDesignator=R14
Change Component Designator: OldDesignator=R23 NewDesignator=R15
Change Component Designator: OldDesignator=R? NewDesignator=R1
Change Component Designator: OldDesignator=R? NewDesignator=R2
Change Component Designator: OldDesignator=R? NewDesignator=R3
Change Component Designator: OldDesignator=R? NewDesignator=R5
Change Component Designator: OldDesignator=R? NewDesignator=R6
Change Component Designator: OldDesignator=R? NewDesignator=R7
Change Component Designator: OldDesignator=R? NewDesignator=R8
Change Component Designator: OldDesignator=R? NewDesignator=R9
Change Component Designator: OldDesignator=U4 NewDesignator=U3
Change Component Designator: OldDesignator=U? NewDesignator=U1
Change Component Designator: OldDesignator=U? NewDesignator=U2
Added Component: Designator=P1(61300311121)
Add component (AddParameter): Name = "Color"; Value = "Black"; VariantName = "[No Variations]"
Add component (AddParameter): Name = "Connector Type"; Value = "Male Pin"; VariantName = "[No Variations]"
Add component (AddParameter): Name = "Contact Material"; Value = "Copper"; VariantName = "[No Variations]"
Add component (AddParameter): Name = "Contact Mating Length"; Value = "5.9944mm"; VariantName = "[No Variations]"
Add component (AddParameter): Name = "Contact Plating"; Value = "Gold"; VariantName = "[No Variations]"
Add component (AddParameter): Name = "Contact Resistance"; Value = "20mO"; VariantName = "[No Variations]"
Add component (AddParameter): Name = "Current Rating"; Value = "3A"; VariantName = "[No Variations]"
Add component (AddParameter): Name = "Gender"; Value = "Male"; VariantName = "[No Variations]"
Add component (AddParameter): Name = "Height"; Value = "8.94mm"; VariantName = "[No Variations]"
Add component (AddParameter): Name = "Lead Free"; Value = "Lead Free"; VariantName = "[No Variations]"
Add component (AddParameter): Name = "Lead Pitch"; Value = "2.54mm"; VariantName = "[No Variations]"
Add component (AddParameter): Name = "Max Operating Temperature"; Value = "105°C"; VariantName = "[No Variations]"
Add component (AddParameter): Name = "Min Operating Temperature"; Value = "-40°C"; VariantName = "[No Variations]"
Add component (AddParameter): Name = "Mount"; Value = "Through Hole"; VariantName = "[No Variations]"
Add component (AddParameter): Name = "NexarPartId"; Value = "32855521"; VariantName = "[No Variations]"
Add component (AddParameter): Name = "Number of Contacts"; Value = "3"; VariantName = "[No Variations]"
Add component (AddParameter): Name = "Number of Pins"; Value = "3"; VariantName = "[No Variations]"
Add component (AddParameter): Name = "Number of Positions"; Value = "3"; VariantName = "[No Variations]"
Add component (AddParameter): Name = "Number of Rows"; Value = "1"; VariantName = "[No Variations]"
Add component (AddParameter): Name = "Operating Supply Voltage"; Value = "250V"; VariantName = "[No Variations]"
Add component (AddParameter): Name = "Orientation"; Value = "Vertical"; VariantName = "[No Variations]"
Add component (AddParameter): Name = "Packaging"; Value = "Bulk"; VariantName = "[No Variations]"
Add component (AddParameter): Name = "Pitch"; Value = "2.54mm"; VariantName = "[No Variations]"
Add component (AddParameter): Name = "REACH SVHC"; Value = "Unknown"; VariantName = "[No Variations]"
Add component (AddParameter): Name = "RoHS"; Value = "Compliant"; VariantName = "[No Variations]"
Add component (AddParameter): Name = "Termination"; Value = "Solder"; VariantName = "[No Variations]"
Add component (AddParameter): Name = "Voltage Rating"; Value = "250V"; VariantName = "[No Variations]"
Added Component: Designator=P2(61300211121)
Add component (AddParameter): Name = "Color"; Value = "Black"; VariantName = "[No Variations]"
Add component (AddParameter): Name = "Connector Type"; Value = "Male Pin"; VariantName = "[No Variations]"
Add component (AddParameter): Name = "Contact Gender"; Value = "Male"; VariantName = "[No Variations]"
Add component (AddParameter): Name = "Contact Material"; Value = "Copper"; VariantName = "[No Variations]"
Add component (AddParameter): Name = "Contact Mating Length"; Value = "5.9944mm"; VariantName = "[No Variations]"
Add component (AddParameter): Name = "Contact Plating"; Value = "Gold"; VariantName = "[No Variations]"
Add component (AddParameter): Name = "Contact Resistance"; Value = "20mO"; VariantName = "[No Variations]"
Add component (AddParameter): Name = "Current Rating"; Value = "3A"; VariantName = "[No Variations]"
Add component (AddParameter): Name = "Gender"; Value = "Male"; VariantName = "[No Variations]"
Add component (AddParameter): Name = "Height"; Value = "8.94mm"; VariantName = "[No Variations]"
Add component (AddParameter): Name = "Housing Material"; Value = "PBT"; VariantName = "[No Variations]"
Add component (AddParameter): Name = "Lead Free"; Value = "Lead Free"; VariantName = "[No Variations]"
Add component (AddParameter): Name = "Lead Pitch"; Value = "2.54mm"; VariantName = "[No Variations]"
Add component (AddParameter): Name = "Max Operating Temperature"; Value = "125°C"; VariantName = "[No Variations]"
Add component (AddParameter): Name = "Min Operating Temperature"; Value = "-40°C"; VariantName = "[No Variations]"
Add component (AddParameter): Name = "Mount"; Value = "Through Hole"; VariantName = "[No Variations]"
Add component (AddParameter): Name = "NexarPartId"; Value = "20081794"; VariantName = "[No Variations]"
Add component (AddParameter): Name = "Number of Contacts"; Value = "2"; VariantName = "[No Variations]"
Add component (AddParameter): Name = "Number of Pins"; Value = "2"; VariantName = "[No Variations]"
Add component (AddParameter): Name = "Number of Positions"; Value = "2"; VariantName = "[No Variations]"
Add component (AddParameter): Name = "Number of Rows"; Value = "1"; VariantName = "[No Variations]"
Add component (AddParameter): Name = "Operating Supply Voltage"; Value = "250V"; VariantName = "[No Variations]"
Add component (AddParameter): Name = "Orientation"; Value = "Vertical"; VariantName = "[No Variations]"
Add component (AddParameter): Name = "Packaging"; Value = "Bulk"; VariantName = "[No Variations]"
Add component (AddParameter): Name = "Pitch"; Value = "2.54mm"; VariantName = "[No Variations]"
Add component (AddParameter): Name = "REACH SVHC"; Value = "No SVHC"; VariantName = "[No Variations]"
Add component (AddParameter): Name = "RoHS"; Value = "Compliant"; VariantName = "[No Variations]"
Add component (AddParameter): Name = "Termination"; Value = "Through Hole"; VariantName = "[No Variations]"
Add component (AddParameter): Name = "Voltage Rating"; Value = "250V"; VariantName = "[No Variations]"
Add Pin To Net: Unknown Pin: Pin B1-0
Add Pin To Net: Unknown Pin: Pin B1-1
Added Pin To Net: NetName=RXD Pin=P1-1
Added Pin To Net: NetName=TXD Pin=P1-2
Added Pin To Net: NetName=GND Pin=P1-3
Added Pin To Net: NetName=GND Pin=P2-2
Change Net Name : Old Net Name=NetC?_2 New Net Name=NetC3_2
Change Net Name : Old Net Name=NetD14_1 New Net Name=NetD5_1
Change Net Name : Old Net Name=NetD15_1 New Net Name=NetD6_1
Change Net Name : Old Net Name=NetD16_1 New Net Name=NetD7_1
Change Net Name : Old Net Name=NetD17_1 New Net Name=NetD8_1
Change Net Name : Old Net Name=NetD?_1 New Net Name=NetD2_1
Change Net Name : Old Net Name=NetJ?_A5 New Net Name=NetJ1_A5
Change Net Name : Old Net Name=NetJ?_B5 New Net Name=NetJ1_B5
Change Net Name : Old Net Name=NetR?_2 New Net Name=NetR8_2
Added Pin To Net: NetName=NetD3_1 Pin=D3-1
Added Pin To Net: NetName=NetD3_1 Pin=Q1-1
Added Pin To Net: NetName=NetD3_1 Pin=R3-2
Added Net: Name=NetD3_1
Added Pin To Net: NetName=NetP2_1 Pin=P2-1
Added Pin To Net: NetName=NetP2_1 Pin=R4-2
Added Net: Name=NetP2_1
Add Class Member: Failed to add class member : Component B1 LiPo
Added Member To Class: ClassName=Main Member=Component C1 4.7µF
Added Member To Class: ClassName=Main Member=Component C2 4.7µF
Added Member To Class: ClassName=Main Member=Component C3 Cff
Added Member To Class: ClassName=Main Member=Component C5 Cin
Added Member To Class: ClassName=Main Member=Component D1 SS14
Added Member To Class: ClassName=Main Member=Component D3 1N4148WT-7
Added Member To Class: ClassName=Main Member=Component P7 61300211121
Added Member To Class: ClassName=Main Member=Component R1 5.1kO
Added Member To Class: ClassName=Main Member=Component R2 33kO
Added Member To Class: ClassName=Main Member=Component R3 10kO
Added Member To Class: ClassName=Main Member=Component R6 5.1kO
Added Member To Class: ClassName=Main Member=Component R7 Rfbt
Added Member To Class: ClassName=Main Member=Component R8 Rpg
Added Member To Class: ClassName=Main Member=Component R9 Rfbb
Added Member To Class: ClassName=Main Member=Component U2 TPSM82823SILR
