Change Component Designator: Old Designator=C5 New Designator=C13
Change Component Designator: Old Designator=C6 New Designator=C14
Change Component Designator: Old Designator=C7 New Designator=C5
Change Component Designator: Old Designator=C8 New Designator=C6
Change Component Designator: Old Designator=C9 New Designator=C7
Change Component Designator: Old Designator=C10 New Designator=C9
Change Component Designator: Old Designator=C11 New Designator=C10
Change Component Designator: Old Designator=C12 New Designator=C11
Change Component Designator: Old Designator=C13 New Designator=C12
Change Component Designator: Old Designator=C14 New Designator=C8
Change Component Designator: Old Designator=D2 New Designator=D13
Change Component Designator: Old Designator=D3 New Designator=D2
Change Component Designator: Old Designator=D4 New Designator=D14
Change Component Designator: Old Designator=D5 New Designator=D15
Change Component Designator: Old Designator=D6 New Designator=D16
Change Component Designator: Old Designator=D7 New Designator=D3
Change Component Designator: Old Designator=D8 New Designator=D4
Change Component Designator: Old Designator=D9 New Designator=D5
Change Component Designator: Old Designator=D10 New Designator=D6
Change Component Designator: Old Designator=D11 New Designator=D7
Change Component Designator: Old Designator=D12 New Designator=D8
Change Component Designator: Old Designator=D13 New Designator=D9
Change Component Designator: Old Designator=D14 New Designator=D10
Change Component Designator: Old Designator=D15 New Designator=D11
Change Component Designator: Old Designator=D16 New Designator=D12
Change Component Designator: Old Designator=R1 New Designator=R16
Change Component Designator: Old Designator=R2 New Designator=R17
Change Component Designator: Old Designator=R3 New Designator=R1
Change Component Designator: Old Designator=R4 New Designator=R18
Change Component Designator: Old Designator=R5 New Designator=R2
Change Component Designator: Old Designator=R6 New Designator=R3
Change Component Designator: Old Designator=R7 New Designator=R4
Change Component Designator: Old Designator=R8 New Designator=R19
Change Component Designator: Old Designator=R9 New Designator=R5
Change Component Designator: Old Designator=R10 New Designator=R6
Change Component Designator: Old Designator=R11 New Designator=R7
Change Component Designator: Old Designator=R12 New Designator=R8
Change Component Designator: Old Designator=R13 New Designator=R20
Change Component Designator: Old Designator=R14 New Designator=R21
Change Component Designator: Old Designator=R15 New Designator=R9
Change Component Designator: Old Designator=R16 New Designator=R10
Change Component Designator: Old Designator=R17 New Designator=R11
Change Component Designator: Old Designator=R18 New Designator=R12
Change Component Designator: Old Designator=R19 New Designator=R13
Change Component Designator: Old Designator=R20 New Designator=R15
Change Component Designator: Old Designator=R21 New Designator=R14
Change Component Designator: Old Designator=SW? New Designator=SW1
Change Component Designator: Old Designator=U3 New Designator=U4
Change Component Designator: Old Designator=U4 New Designator=U3
