Removed Pin From Net: NetName=3V3 Pin=C9-2
Removed Pin From Net: NetName=3V3 Pin=P5-1
Removed Pin From Net: NetName=RXD Pin=P5-2
Removed Pin From Net: NetName=TXD Pin=P5-3
Removed Pin From Net: NetName=GND Pin=P5-4
Removed Pin From Net: NetName=TXD Pin=U4-1
Removed Pin From Net: NetName=RXD Pin=U4-5
Removed Pin From Net: NetName=3V3 Pin=U4-17
Removed Member From Class: ClassName=Main Member=P5
Add Pin To Net: Unknown Pin: Pin B1-0
Add Pin To Net: Unknown Pin: Pin B1-1
Added Pin To Net: NetName=TXD Pin=SW?-1
Added Pin To Net: NetName=RXD Pin=SW?-4
Added Pin To Net: NetName=FTDI_3V3 Pin=C9-2
Added Pin To Net: NetName=FTDI_3V3 Pin=U4-17
Added Net: Name=FTDI_3V3
Added Pin To Net: NetName=RXD_FTDI Pin=SW?-2
Added Pin To Net: NetName=RXD_FTDI Pin=U4-5
Added Net: Name=RXD_FTDI
Added Pin To Net: NetName=TXD_FTDI Pin=SW?-5
Added Pin To Net: NetName=TXD_FTDI Pin=U4-1
Added Net: Name=TXD_FTDI
Add Class Member: Failed to add class member : Component B1 LiPo
